<?xml version="1.0" encoding="UTF-8"?>
<!-- Generated by org.testng.reporters.JUnitXMLReporter -->
<testsuite ignored="0" hostname="LAPTOP-0D5C126J" failures="0" tests="8" name="Test" time="0.029" errors="0" timestamp="2021-04-25T11:44:47 IST">
  <testcase classname="secondmvnproject.SportsTest" name="cricket" time="0.002"/>
  <testcase classname="secondmvnproject.SportsTest" name="football" time="0.0"/>
  <testcase classname="secondmvnproject.VehiclesTest" name="bike" time="0.0"/>
  <testcase classname="secondmvnproject.VehiclesTest" name="car" time="0.0"/>
  <testcase classname="secondmvnproject.ElectronicsTest" name="mobile" time="0.0"/>
  <testcase classname="secondmvnproject.ElectronicsTest" name="radio" time="0.0"/>
  <testcase classname="secondmvnproject.FruitsTest" name="apple" time="0.0"/>
  <testcase classname="secondmvnproject.FruitsTest" name="orange" time="0.0"/>
</testsuite> <!-- Test -->
