<?xml version="1.0" encoding="UTF-8"?>
<testng-results ignored="0" total="8" passed="8" failed="0" skipped="0">
  <reporter-output>
  </reporter-output>
  <suite started-at="2021-04-25T11:44:47 IST" name="Suite" finished-at="2021-04-25T11:44:47 IST" duration-ms="29">
    <groups>
    </groups>
    <test started-at="2021-04-25T11:44:47 IST" name="Test" finished-at="2021-04-25T11:44:47 IST" duration-ms="29">
      <class name="secondmvnproject.FruitsTest">
        <test-method signature="orange()[pri:0, instance:secondmvnproject.FruitsTest@15ca7889]" started-at="2021-04-25T11:44:47 IST" name="orange" finished-at="2021-04-25T11:44:47 IST" duration-ms="0" status="PASS">
          <reporter-output>
          </reporter-output>
        </test-method> <!-- orange -->
        <test-method signature="apple()[pri:0, instance:secondmvnproject.FruitsTest@15ca7889]" started-at="2021-04-25T11:44:47 IST" name="apple" finished-at="2021-04-25T11:44:47 IST" duration-ms="0" status="PASS">
          <reporter-output>
          </reporter-output>
        </test-method> <!-- apple -->
      </class> <!-- secondmvnproject.FruitsTest -->
      <class name="secondmvnproject.VehiclesTest">
        <test-method signature="car()[pri:0, instance:secondmvnproject.VehiclesTest@1ebd319f]" started-at="2021-04-25T11:44:47 IST" name="car" finished-at="2021-04-25T11:44:47 IST" duration-ms="0" status="PASS">
          <reporter-output>
          </reporter-output>
        </test-method> <!-- car -->
        <test-method signature="bike()[pri:0, instance:secondmvnproject.VehiclesTest@1ebd319f]" started-at="2021-04-25T11:44:47 IST" name="bike" finished-at="2021-04-25T11:44:47 IST" duration-ms="0" status="PASS">
          <reporter-output>
          </reporter-output>
        </test-method> <!-- bike -->
      </class> <!-- secondmvnproject.VehiclesTest -->
      <class name="secondmvnproject.SportsTest">
        <test-method signature="cricket()[pri:0, instance:secondmvnproject.SportsTest@7b02881e]" started-at="2021-04-25T11:44:47 IST" name="cricket" finished-at="2021-04-25T11:44:47 IST" duration-ms="2" status="PASS">
          <reporter-output>
          </reporter-output>
        </test-method> <!-- cricket -->
        <test-method signature="football()[pri:0, instance:secondmvnproject.SportsTest@7b02881e]" started-at="2021-04-25T11:44:47 IST" name="football" finished-at="2021-04-25T11:44:47 IST" duration-ms="0" status="PASS">
          <reporter-output>
          </reporter-output>
        </test-method> <!-- football -->
      </class> <!-- secondmvnproject.SportsTest -->
      <class name="secondmvnproject.ElectronicsTest">
        <test-method signature="radio()[pri:0, instance:secondmvnproject.ElectronicsTest@3c0be339]" started-at="2021-04-25T11:44:47 IST" name="radio" finished-at="2021-04-25T11:44:47 IST" duration-ms="0" status="PASS">
          <reporter-output>
          </reporter-output>
        </test-method> <!-- radio -->
        <test-method signature="mobile()[pri:0, instance:secondmvnproject.ElectronicsTest@3c0be339]" started-at="2021-04-25T11:44:47 IST" name="mobile" finished-at="2021-04-25T11:44:47 IST" duration-ms="0" status="PASS">
          <reporter-output>
          </reporter-output>
        </test-method> <!-- mobile -->
      </class> <!-- secondmvnproject.ElectronicsTest -->
    </test> <!-- Test -->
  </suite> <!-- Suite -->
</testng-results>
