<?xml version="1.0" encoding="UTF-8"?>
<testng-results ignored="0" total="2" passed="2" failed="0" skipped="0">
  <reporter-output>
  </reporter-output>
  <suite started-at="2021-04-23T19:44:52 IST" name="Default suite" finished-at="2021-04-23T19:44:52 IST" duration-ms="33">
    <groups>
    </groups>
    <test started-at="2021-04-23T19:44:52 IST" name="Default test" finished-at="2021-04-23T19:44:52 IST" duration-ms="33">
      <class name="secondmvnproject.ElectronicsTest">
        <test-method signature="mobile()[pri:0, instance:secondmvnproject.ElectronicsTest@2f112965]" started-at="2021-04-23T19:44:52 IST" name="mobile" finished-at="2021-04-23T19:44:52 IST" duration-ms="5" status="PASS">
          <reporter-output>
          </reporter-output>
        </test-method> <!-- mobile -->
        <test-method signature="radio()[pri:0, instance:secondmvnproject.ElectronicsTest@2f112965]" started-at="2021-04-23T19:44:52 IST" name="radio" finished-at="2021-04-23T19:44:52 IST" duration-ms="1" status="PASS">
          <reporter-output>
          </reporter-output>
        </test-method> <!-- radio -->
      </class> <!-- secondmvnproject.ElectronicsTest -->
    </test> <!-- Default test -->
  </suite> <!-- Default suite -->
</testng-results>
